given range is not current
TestWindow package loaded
Informational: 記錄層級已設定為 資訊性 (預設)。
Informational: 記錄層級已設定為 資訊性 (預設)。
ResolveFWLinkAccountManager statusCode is redirect: 'True'
ResolveFWLinkAccountManager resovled fwlink from 'https://go.microsoft.com/fwlink/?LinkID=415837' to 'https://app.vssps.visualstudio.com/'
Informational: 開始為要求的測試回合執行測試探索
Informational: ========== 開始測試探索 ==========
Warning: 找到相同延伸模組的多個版本。系統會選取最高版本。
  Microsoft.VisualStudio.TestPlatform.MSTest.TestAdapter : 14.0.4908.2
Warning: D:\Mydata\視窗程式設計\Drawing\DrawingForm\bin\Debug\DrawingForm.exe 中未提供任何測試。請確定已登錄了測試探索程式與執行程式，且平台與 Framework 版本設定皆正確，然後再試一次。
Warning: 找到相同延伸模組的多個版本。系統會選取最高版本。
  Microsoft.VisualStudio.TestPlatform.MSTest.TestAdapter : 14.0.4908.2
Informational: ========== 測試探索已完成: 在 1.8 秒 找到 9 項測試 ==========
Informational: ========== 開始測試回合 ==========
Warning: 找到相同延伸模組的多個版本。系統會選取最高版本。
  Microsoft.VisualStudio.TestPlatform.MSTest.TestAdapter : 14.0.4908.2
TableControl: QueueUpdate 2021/12/9 下午 09:18:22:954
TableControl: About to update entries 2021/12/9 下午 09:18:23:63
TableControl: Updating entries 2021/12/9 下午 09:18:23:63
TableControl: Updating entries (UI thread) 2021/12/9 下午 09:18:23:63
TableControl: Refreshing UI 2021/12/9 下午 09:18:23:64
TableControl: QueueUpdate 2021/12/9 下午 09:18:25:172
TableControl: About to update entries 2021/12/9 下午 09:18:25:278
TableControl: Updating entries 2021/12/9 下午 09:18:25:278
TableControl: Updating entries (UI thread) 2021/12/9 下午 09:18:25:279
TableControl: Refreshing UI 2021/12/9 下午 09:18:25:279
Informational: ========== 測試回合已完成: 在 15.4 秒 執行了 9 項測試 (9 項通過，0 項失敗，0 項跳過) ==========
TableControl: QueueUpdate 2021/12/9 下午 09:18:39:693
TableControl: About to update entries 2021/12/9 下午 09:18:39:794
TableControl: Updating entries 2021/12/9 下午 09:18:39:794
TableControl: Updating entries (UI thread) 2021/12/9 下午 09:18:39:794
TableControl: Refreshing UI 2021/12/9 下午 09:18:39:794
Informational: 開始為要求的測試回合執行測試探索
Informational: ========== 開始測試探索 ==========
Warning: 找到相同延伸模組的多個版本。系統會選取最高版本。
  Microsoft.VisualStudio.TestPlatform.MSTest.TestAdapter : 14.0.4908.2
Informational: ========== 測試探索已完成: 在 963.4 毫秒 找到 4 項測試 ==========
Informational: ========== 開始測試回合 ==========
TableControl: QueueUpdate 2021/12/11 下午 09:42:06:708
Warning: 找到相同延伸模組的多個版本。系統會選取最高版本。
  Microsoft.VisualStudio.TestPlatform.MSTest.TestAdapter : 14.0.4908.2
TableControl: About to update entries 2021/12/11 下午 09:42:06:809
TableControl: Updating entries 2021/12/11 下午 09:42:06:809
TableControl: Updating entries (UI thread) 2021/12/11 下午 09:42:06:809
TableControl: Refreshing UI 2021/12/11 下午 09:42:06:810
TableControl: QueueUpdate 2021/12/11 下午 09:42:08:317
TableControl: About to update entries 2021/12/11 下午 09:42:08:424
TableControl: Updating entries 2021/12/11 下午 09:42:08:425
TableControl: Updating entries (UI thread) 2021/12/11 下午 09:42:08:425
TableControl: Refreshing UI 2021/12/11 下午 09:42:08:425
TableControl: QueueUpdate 2021/12/11 下午 09:42:09:790
TableControl: About to update entries 2021/12/11 下午 09:42:09:901
TableControl: Updating entries 2021/12/11 下午 09:42:09:901
TableControl: Updating entries (UI thread) 2021/12/11 下午 09:42:09:902
TableControl: Refreshing UI 2021/12/11 下午 09:42:09:902
Informational: ========== 測試回合已完成: 在 3.5 秒 執行了 13 項測試 (10 項通過，3 項失敗，0 項跳過) ==========
TableControl: QueueUpdate 2021/12/11 下午 09:42:11:171
TableControl: About to update entries 2021/12/11 下午 09:42:11:280
TableControl: Updating entries 2021/12/11 下午 09:42:11:280
TableControl: Updating entries (UI thread) 2021/12/11 下午 09:42:11:280
TableControl: Refreshing UI 2021/12/11 下午 09:42:11:280
TableControl: QueueUpdate 2021/12/11 下午 09:42:59:328
TableControl: About to update entries 2021/12/11 下午 09:42:59:328
TableControl: Updating entries 2021/12/11 下午 09:42:59:328
TableControl: Updating entries (UI thread) 2021/12/11 下午 09:42:59:329
TableControl: Refreshing UI 2021/12/11 下午 09:42:59:338
TableControl: QueueUpdate 2021/12/11 下午 09:43:00:32
TableControl: About to update entries 2021/12/11 下午 09:43:00:32
TableControl: Updating entries 2021/12/11 下午 09:43:00:32
TableControl: Updating entries (UI thread) 2021/12/11 下午 09:43:00:33
TableControl: Refreshing UI 2021/12/11 下午 09:43:00:43
TableControl: QueueUpdate 2021/12/11 下午 09:43:01:105
TableControl: About to update entries 2021/12/11 下午 09:43:01:106
TableControl: Updating entries 2021/12/11 下午 09:43:01:106
TableControl: Updating entries (UI thread) 2021/12/11 下午 09:43:01:107
TableControl: Refreshing UI 2021/12/11 下午 09:43:01:107
Informational: 開始為要求的測試回合執行測試探索
Informational: ========== 開始測試探索 ==========
Warning: 找到相同延伸模組的多個版本。系統會選取最高版本。
  Microsoft.VisualStudio.TestPlatform.MSTest.TestAdapter : 14.0.4908.2
Informational: ========== 測試探索已完成: 在 897.8 毫秒 找到 4 項測試 ==========
Informational: ========== 開始測試回合 ==========
Warning: 找到相同延伸模組的多個版本。系統會選取最高版本。
  Microsoft.VisualStudio.TestPlatform.MSTest.TestAdapter : 14.0.4908.2
TableControl: QueueUpdate 2021/12/11 下午 09:43:41:143
TableControl: About to update entries 2021/12/11 下午 09:43:41:143
TableControl: Updating entries 2021/12/11 下午 09:43:41:143
TableControl: Updating entries (UI thread) 2021/12/11 下午 09:43:41:143
TableControl: Refreshing UI 2021/12/11 下午 09:43:41:143
TableControl: QueueUpdate 2021/12/11 下午 09:43:42:316
TableControl: About to update entries 2021/12/11 下午 09:43:42:418
TableControl: Updating entries 2021/12/11 下午 09:43:42:418
TableControl: Updating entries (UI thread) 2021/12/11 下午 09:43:42:419
TableControl: Refreshing UI 2021/12/11 下午 09:43:42:419
TableControl: QueueUpdate 2021/12/11 下午 09:43:43:811
TableControl: About to update entries 2021/12/11 下午 09:43:43:913
TableControl: Updating entries 2021/12/11 下午 09:43:43:914
TableControl: Updating entries (UI thread) 2021/12/11 下午 09:43:43:915
TableControl: Refreshing UI 2021/12/11 下午 09:43:43:916
Informational: ========== 測試回合已完成: 在 15.7 秒 執行了 13 項測試 (13 項通過，0 項失敗，0 項跳過) ==========
TableControl: QueueUpdate 2021/12/11 下午 09:43:57:548
TableControl: About to update entries 2021/12/11 下午 09:43:57:649
TableControl: Updating entries 2021/12/11 下午 09:43:57:649
TableControl: Updating entries (UI thread) 2021/12/11 下午 09:43:57:649
TableControl: Refreshing UI 2021/12/11 下午 09:43:57:650
ResolveFWLinkAccountManager statusCode is redirect: 'True'
ResolveFWLinkAccountManager resovled fwlink from 'https://go.microsoft.com/fwlink/?LinkID=415837' to 'https://app.vssps.visualstudio.com/'
Informational: ========== 開始測試探索 ==========
Warning: 找到相同延伸模組的多個版本。系統會選取最高版本。
  Microsoft.VisualStudio.TestPlatform.MSTest.TestAdapter : 14.0.4908.2
Warning: 找到相同延伸模組的多個版本。系統會選取最高版本。
  Microsoft.VisualStudio.TestPlatform.MSTest.TestAdapter : 14.0.4908.2
Warning: D:\Mydata\視窗程式設計\Drawing\DrawingForm\bin\Debug\DrawingForm.exe 中未提供任何測試。請確定已登錄了測試探索程式與執行程式，且平台與 Framework 版本設定皆正確，然後再試一次。
Informational: ========== 測試探索已完成: 在 2.8 秒 找到 22 項測試 ==========
Informational: 開始為要求的測試回合執行測試探索
Informational: ========== 開始測試探索 ==========
Warning: 找到相同延伸模組的多個版本。系統會選取最高版本。
  Microsoft.VisualStudio.TestPlatform.MSTest.TestAdapter : 14.0.4908.2
Warning: 找到相同延伸模組的多個版本。系統會選取最高版本。
  Microsoft.VisualStudio.TestPlatform.MSTest.TestAdapter : 14.0.4908.2
Warning: D:\Mydata\視窗程式設計\Drawing\DrawingForm\bin\Debug\DrawingForm.exe 中未提供任何測試。請確定已登錄了測試探索程式與執行程式，且平台與 Framework 版本設定皆正確，然後再試一次。
Informational: ========== 測試探索已完成: 在 1.7 秒 找到 5 項測試 ==========
Informational: ========== 開始測試回合 ==========
Warning: 找到相同延伸模組的多個版本。系統會選取最高版本。
  Microsoft.VisualStudio.TestPlatform.MSTest.TestAdapter : 14.0.4908.2
TableControl: QueueUpdate 2021/12/27 下午 08:14:14:720
TableControl: About to update entries 2021/12/27 下午 08:14:14:833
TableControl: Updating entries 2021/12/27 下午 08:14:14:833
TableControl: Updating entries (UI thread) 2021/12/27 下午 08:14:14:833
TableControl: Refreshing UI 2021/12/27 下午 08:14:14:833
TableControl: QueueUpdate 2021/12/27 下午 08:14:16:145
TableControl: About to update entries 2021/12/27 下午 08:14:16:249
TableControl: Updating entries 2021/12/27 下午 08:14:16:249
TableControl: Updating entries (UI thread) 2021/12/27 下午 08:14:16:249
TableControl: Refreshing UI 2021/12/27 下午 08:14:16:250
TableControl: QueueUpdate 2021/12/27 下午 08:14:17:618
TableControl: About to update entries 2021/12/27 下午 08:14:17:725
TableControl: Updating entries 2021/12/27 下午 08:14:17:726
TableControl: Updating entries (UI thread) 2021/12/27 下午 08:14:17:727
TableControl: Refreshing UI 2021/12/27 下午 08:14:17:728
Informational: ========== 測試回合已完成: 在 7.7 秒 執行了 22 項測試 (22 項通過，0 項失敗，0 項跳過) ==========
TableControl: QueueUpdate 2021/12/27 下午 08:14:23:166
TableControl: About to update entries 2021/12/27 下午 08:14:23:267
TableControl: Updating entries 2021/12/27 下午 08:14:23:268
TableControl: Updating entries (UI thread) 2021/12/27 下午 08:14:23:270
TableControl: Refreshing UI 2021/12/27 下午 08:14:23:270
TableControl: QueueUpdate 2021/12/27 下午 08:15:47:317
TableControl: About to update entries 2021/12/27 下午 08:15:47:418
TableControl: Updating entries 2021/12/27 下午 08:15:47:418
TableControl: Updating entries (UI thread) 2021/12/27 下午 08:15:47:639
TableControl: Refreshing UI 2021/12/27 下午 08:15:47:640
TableControl: QueueUpdate 2021/12/27 下午 08:15:52:219
TableControl: About to update entries 2021/12/27 下午 08:15:52:320
TableControl: Updating entries 2021/12/27 下午 08:15:52:320
TableControl: Updating entries (UI thread) 2021/12/27 下午 08:15:52:321
TableControl: Refreshing UI 2021/12/27 下午 08:15:52:321
TableControl: QueueUpdate 2021/12/27 下午 08:17:19:75
TableControl: About to update entries 2021/12/27 下午 08:17:19:76
TableControl: Updating entries 2021/12/27 下午 08:17:19:76
TableControl: Updating entries (UI thread) 2021/12/27 下午 08:17:19:76
TableControl: Refreshing UI 2021/12/27 下午 08:17:19:91
TableControl: QueueUpdate 2021/12/27 下午 08:17:20:267
TableControl: About to update entries 2021/12/27 下午 08:17:20:268
TableControl: Updating entries 2021/12/27 下午 08:17:20:268
TableControl: Updating entries (UI thread) 2021/12/27 下午 08:17:20:268
TableControl: Refreshing UI 2021/12/27 下午 08:17:20:278
TableControl: QueueUpdate 2021/12/27 下午 08:17:21:888
TableControl: About to update entries 2021/12/27 下午 08:17:21:888
TableControl: Updating entries 2021/12/27 下午 08:17:21:889
TableControl: Updating entries (UI thread) 2021/12/27 下午 08:17:21:889
TableControl: Refreshing UI 2021/12/27 下午 08:17:21:890
Informational: 開始為要求的測試回合執行測試探索
Informational: ========== 開始測試探索 ==========
Warning: 找到相同延伸模組的多個版本。系統會選取最高版本。
  Microsoft.VisualStudio.TestPlatform.MSTest.TestAdapter : 14.0.4908.2
Informational: ========== 測試探索已完成: 在 896.1 毫秒 找到 2 項測試 ==========
Informational: ========== 開始測試回合 ==========
Warning: 找到相同延伸模組的多個版本。系統會選取最高版本。
  Microsoft.VisualStudio.TestPlatform.MSTest.TestAdapter : 14.0.4908.2
TableControl: QueueUpdate 2021/12/27 下午 08:17:25:568
TableControl: About to update entries 2021/12/27 下午 08:17:25:568
TableControl: Updating entries 2021/12/27 下午 08:17:25:568
TableControl: Updating entries (UI thread) 2021/12/27 下午 08:17:25:569
TableControl: Refreshing UI 2021/12/27 下午 08:17:25:569
Informational: ========== 測試回合已完成: 在 1.7 秒 執行了 1 項測試 (1 項通過，0 項失敗，0 項跳過) ==========
TableControl: QueueUpdate 2021/12/27 下午 08:17:27:796
TableControl: About to update entries 2021/12/27 下午 08:17:27:906
TableControl: Updating entries 2021/12/27 下午 08:17:27:906
TableControl: Updating entries (UI thread) 2021/12/27 下午 08:17:27:906
TableControl: Refreshing UI 2021/12/27 下午 08:17:27:906
Informational: 開始為要求的測試回合執行測試探索
Informational: ========== 開始測試探索 ==========
Warning: 找到相同延伸模組的多個版本。系統會選取最高版本。
  Microsoft.VisualStudio.TestPlatform.MSTest.TestAdapter : 14.0.4908.2
Informational: ========== 測試探索已完成: 在 920.5 毫秒 找到 2 項測試 ==========
Informational: ========== 開始測試回合 ==========
Warning: 找到相同延伸模組的多個版本。系統會選取最高版本。
  Microsoft.VisualStudio.TestPlatform.MSTest.TestAdapter : 14.0.4908.2
TableControl: QueueUpdate 2021/12/27 下午 08:18:39:288
TableControl: About to update entries 2021/12/27 下午 08:18:39:389
TableControl: Updating entries 2021/12/27 下午 08:18:39:389
TableControl: Updating entries (UI thread) 2021/12/27 下午 08:18:39:389
TableControl: Refreshing UI 2021/12/27 下午 08:18:39:389
Informational: ========== 測試回合已完成: 在 1.7 秒 執行了 1 項測試 (1 項通過，0 項失敗，0 項跳過) ==========
TableControl: QueueUpdate 2021/12/27 下午 08:18:41:470
TableControl: About to update entries 2021/12/27 下午 08:18:41:584
TableControl: Updating entries 2021/12/27 下午 08:18:41:584
TableControl: Updating entries (UI thread) 2021/12/27 下午 08:18:41:584
TableControl: Refreshing UI 2021/12/27 下午 08:18:41:584
Informational: 開始為要求的測試回合執行測試探索
Informational: ========== 開始測試探索 ==========
Warning: 找到相同延伸模組的多個版本。系統會選取最高版本。
  Microsoft.VisualStudio.TestPlatform.MSTest.TestAdapter : 14.0.4908.2
Informational: ========== 測試探索已完成: 在 897.3 毫秒 找到 2 項測試 ==========
Informational: ========== 開始測試回合 ==========
Warning: 找到相同延伸模組的多個版本。系統會選取最高版本。
  Microsoft.VisualStudio.TestPlatform.MSTest.TestAdapter : 14.0.4908.2
TableControl: QueueUpdate 2021/12/27 下午 08:19:05:583
TableControl: About to update entries 2021/12/27 下午 08:19:05:701
TableControl: Updating entries 2021/12/27 下午 08:19:05:701
TableControl: Updating entries (UI thread) 2021/12/27 下午 08:19:05:702
TableControl: Refreshing UI 2021/12/27 下午 08:19:05:702
Informational: ========== 測試回合已完成: 在 1.7 秒 執行了 1 項測試 (1 項通過，0 項失敗，0 項跳過) ==========
TableControl: QueueUpdate 2021/12/27 下午 08:19:07:786
TableControl: About to update entries 2021/12/27 下午 08:19:07:886
TableControl: Updating entries 2021/12/27 下午 08:19:07:886
TableControl: Updating entries (UI thread) 2021/12/27 下午 08:19:07:886
TableControl: Refreshing UI 2021/12/27 下午 08:19:07:887
Informational: 開始為要求的測試回合執行測試探索
Informational: ========== 開始測試探索 ==========
Warning: 找到相同延伸模組的多個版本。系統會選取最高版本。
  Microsoft.VisualStudio.TestPlatform.MSTest.TestAdapter : 14.0.4908.2
Informational: ========== 測試探索已完成: 在 908.6 毫秒 找到 2 項測試 ==========
Informational: ========== 開始測試回合 ==========
Warning: 找到相同延伸模組的多個版本。系統會選取最高版本。
  Microsoft.VisualStudio.TestPlatform.MSTest.TestAdapter : 14.0.4908.2
TableControl: QueueUpdate 2021/12/27 下午 08:20:52:15
TableControl: About to update entries 2021/12/27 下午 08:20:52:124
TableControl: Updating entries 2021/12/27 下午 08:20:52:124
TableControl: Updating entries (UI thread) 2021/12/27 下午 08:20:52:124
TableControl: Refreshing UI 2021/12/27 下午 08:20:52:124
TableControl: QueueUpdate 2021/12/27 下午 08:20:54:232
TableControl: About to update entries 2021/12/27 下午 08:20:54:340
TableControl: Updating entries 2021/12/27 下午 08:20:54:340
TableControl: Updating entries (UI thread) 2021/12/27 下午 08:20:54:342
TableControl: Refreshing UI 2021/12/27 下午 08:20:54:342
Informational: ========== 測試回合已完成: 在 5.1 秒 執行了 1 項測試 (1 項通過，0 項失敗，0 項跳過) ==========
TableControl: QueueUpdate 2021/12/27 下午 08:20:57:824
TableControl: About to update entries 2021/12/27 下午 08:20:57:939
TableControl: Updating entries 2021/12/27 下午 08:20:57:939
TableControl: Updating entries (UI thread) 2021/12/27 下午 08:20:57:939
TableControl: Refreshing UI 2021/12/27 下午 08:20:57:940
Informational: 開始為要求的測試回合執行測試探索
Informational: ========== 開始測試探索 ==========
Warning: 找到相同延伸模組的多個版本。系統會選取最高版本。
  Microsoft.VisualStudio.TestPlatform.MSTest.TestAdapter : 14.0.4908.2
Informational: ========== 測試探索已完成: 在 891.1 毫秒 找到 2 項測試 ==========
Informational: ========== 開始測試回合 ==========
Warning: 找到相同延伸模組的多個版本。系統會選取最高版本。
  Microsoft.VisualStudio.TestPlatform.MSTest.TestAdapter : 14.0.4908.2
TableControl: QueueUpdate 2021/12/27 下午 08:21:40:384
TableControl: About to update entries 2021/12/27 下午 08:21:40:498
TableControl: Updating entries 2021/12/27 下午 08:21:40:498
TableControl: Updating entries (UI thread) 2021/12/27 下午 08:21:40:498
TableControl: Refreshing UI 2021/12/27 下午 08:21:40:499
TableControl: QueueUpdate 2021/12/27 下午 08:21:42:566
TableControl: About to update entries 2021/12/27 下午 08:21:42:668
TableControl: Updating entries 2021/12/27 下午 08:21:42:669
TableControl: Updating entries (UI thread) 2021/12/27 下午 08:21:42:671
TableControl: Refreshing UI 2021/12/27 下午 08:21:42:672
Informational: ========== 測試回合已完成: 在 2.5 秒 執行了 1 項測試 (1 項通過，0 項失敗，0 項跳過) ==========
TableControl: QueueUpdate 2021/12/27 下午 08:21:43:615
TableControl: About to update entries 2021/12/27 下午 08:21:43:717
TableControl: Updating entries 2021/12/27 下午 08:21:43:717
TableControl: Updating entries (UI thread) 2021/12/27 下午 08:21:43:718
TableControl: Refreshing UI 2021/12/27 下午 08:21:43:718
Informational: 開始為要求的測試回合執行測試探索
Informational: ========== 開始測試探索 ==========
Warning: 找到相同延伸模組的多個版本。系統會選取最高版本。
  Microsoft.VisualStudio.TestPlatform.MSTest.TestAdapter : 14.0.4908.2
Informational: ========== 測試探索已完成: 在 897.1 毫秒 找到 2 項測試 ==========
Informational: ========== 開始測試回合 ==========
Warning: 找到相同延伸模組的多個版本。系統會選取最高版本。
  Microsoft.VisualStudio.TestPlatform.MSTest.TestAdapter : 14.0.4908.2
TableControl: QueueUpdate 2021/12/27 下午 08:21:56:404
TableControl: About to update entries 2021/12/27 下午 08:21:56:512
TableControl: Updating entries 2021/12/27 下午 08:21:56:512
TableControl: Updating entries (UI thread) 2021/12/27 下午 08:21:56:513
TableControl: Refreshing UI 2021/12/27 下午 08:21:56:513
TableControl: QueueUpdate 2021/12/27 下午 08:21:58:615
TableControl: About to update entries 2021/12/27 下午 08:21:58:717
TableControl: Updating entries 2021/12/27 下午 08:21:58:717
TableControl: Updating entries (UI thread) 2021/12/27 下午 08:21:58:718
TableControl: Refreshing UI 2021/12/27 下午 08:21:58:718
Informational: ========== 測試回合已完成: 在 2.4 秒 執行了 1 項測試 (1 項通過，0 項失敗，0 項跳過) ==========
TableControl: QueueUpdate 2021/12/27 下午 08:21:59:573
TableControl: About to update entries 2021/12/27 下午 08:21:59:683
TableControl: Updating entries 2021/12/27 下午 08:21:59:683
TableControl: Updating entries (UI thread) 2021/12/27 下午 08:21:59:683
TableControl: Refreshing UI 2021/12/27 下午 08:21:59:683
Informational: 開始為要求的測試回合執行測試探索
Informational: ========== 開始測試探索 ==========
Warning: 找到相同延伸模組的多個版本。系統會選取最高版本。
  Microsoft.VisualStudio.TestPlatform.MSTest.TestAdapter : 14.0.4908.2
Informational: ========== 測試探索已完成: 在 902.7 毫秒 找到 2 項測試 ==========
Informational: ========== 開始測試回合 ==========
Warning: 找到相同延伸模組的多個版本。系統會選取最高版本。
  Microsoft.VisualStudio.TestPlatform.MSTest.TestAdapter : 14.0.4908.2
TableControl: QueueUpdate 2021/12/27 下午 08:22:34:208
TableControl: About to update entries 2021/12/27 下午 08:22:34:310
TableControl: Updating entries 2021/12/27 下午 08:22:34:310
TableControl: Updating entries (UI thread) 2021/12/27 下午 08:22:34:310
TableControl: Refreshing UI 2021/12/27 下午 08:22:34:310
TableControl: QueueUpdate 2021/12/27 下午 08:22:36:395
TableControl: About to update entries 2021/12/27 下午 08:22:36:496
TableControl: Updating entries 2021/12/27 下午 08:22:36:496
TableControl: Updating entries (UI thread) 2021/12/27 下午 08:22:36:496
TableControl: Refreshing UI 2021/12/27 下午 08:22:36:497
Informational: ========== 測試回合已完成: 在 3.8 秒 執行了 1 項測試 (1 項通過，0 項失敗，0 項跳過) ==========
TableControl: QueueUpdate 2021/12/27 下午 08:22:38:741
TableControl: About to update entries 2021/12/27 下午 08:22:38:842
TableControl: Updating entries 2021/12/27 下午 08:22:38:842
TableControl: Updating entries (UI thread) 2021/12/27 下午 08:22:38:842
TableControl: Refreshing UI 2021/12/27 下午 08:22:38:842
Informational: 開始為要求的測試回合執行測試探索
Informational: ========== 開始測試探索 ==========
Warning: 找到相同延伸模組的多個版本。系統會選取最高版本。
  Microsoft.VisualStudio.TestPlatform.MSTest.TestAdapter : 14.0.4908.2
Informational: ========== 測試探索已完成: 在 903.6 毫秒 找到 2 項測試 ==========
Informational: ========== 開始測試回合 ==========
Warning: 找到相同延伸模組的多個版本。系統會選取最高版本。
  Microsoft.VisualStudio.TestPlatform.MSTest.TestAdapter : 14.0.4908.2
TableControl: QueueUpdate 2021/12/27 下午 08:23:17:867
TableControl: About to update entries 2021/12/27 下午 08:23:17:969
TableControl: Updating entries 2021/12/27 下午 08:23:17:969
TableControl: Updating entries (UI thread) 2021/12/27 下午 08:23:17:969
TableControl: Refreshing UI 2021/12/27 下午 08:23:17:970
TableControl: QueueUpdate 2021/12/27 下午 08:23:20:61
TableControl: About to update entries 2021/12/27 下午 08:23:20:169
TableControl: Updating entries 2021/12/27 下午 08:23:20:169
TableControl: Updating entries (UI thread) 2021/12/27 下午 08:23:20:170
TableControl: Refreshing UI 2021/12/27 下午 08:23:20:170
Informational: ========== 測試回合已完成: 在 5.1 秒 執行了 1 項測試 (1 項通過，0 項失敗，0 項跳過) ==========
TableControl: QueueUpdate 2021/12/27 下午 08:23:23:674
TableControl: About to update entries 2021/12/27 下午 08:23:23:782
TableControl: Updating entries 2021/12/27 下午 08:23:23:782
TableControl: Updating entries (UI thread) 2021/12/27 下午 08:23:23:782
TableControl: Refreshing UI 2021/12/27 下午 08:23:23:782
Informational: 開始為要求的測試回合執行測試探索
Informational: ========== 開始測試探索 ==========
Warning: 找到相同延伸模組的多個版本。系統會選取最高版本。
  Microsoft.VisualStudio.TestPlatform.MSTest.TestAdapter : 14.0.4908.2
Informational: ========== 測試探索已完成: 在 898.1 毫秒 找到 2 項測試 ==========
Informational: ========== 開始測試回合 ==========
Warning: 找到相同延伸模組的多個版本。系統會選取最高版本。
  Microsoft.VisualStudio.TestPlatform.MSTest.TestAdapter : 14.0.4908.2
TableControl: QueueUpdate 2021/12/27 下午 08:23:53:643
TableControl: About to update entries 2021/12/27 下午 08:23:53:756
TableControl: Updating entries 2021/12/27 下午 08:23:53:756
TableControl: Updating entries (UI thread) 2021/12/27 下午 08:23:53:756
TableControl: Refreshing UI 2021/12/27 下午 08:23:53:756
TableControl: QueueUpdate 2021/12/27 下午 08:23:55:830
TableControl: About to update entries 2021/12/27 下午 08:23:55:941
TableControl: Updating entries 2021/12/27 下午 08:23:55:942
TableControl: Updating entries (UI thread) 2021/12/27 下午 08:23:55:944
TableControl: Refreshing UI 2021/12/27 下午 08:23:55:944
Informational: ========== 測試回合已完成: 在 5.1 秒 執行了 1 項測試 (1 項通過，0 項失敗，0 項跳過) ==========
TableControl: QueueUpdate 2021/12/27 下午 08:23:59:421
TableControl: About to update entries 2021/12/27 下午 08:23:59:530
TableControl: Updating entries 2021/12/27 下午 08:23:59:530
TableControl: Updating entries (UI thread) 2021/12/27 下午 08:23:59:531
TableControl: Refreshing UI 2021/12/27 下午 08:23:59:531
Informational: 開始為要求的測試回合執行測試探索
Informational: ========== 開始測試探索 ==========
Warning: 找到相同延伸模組的多個版本。系統會選取最高版本。
  Microsoft.VisualStudio.TestPlatform.MSTest.TestAdapter : 14.0.4908.2
Informational: ========== 測試探索已完成: 在 904.2 毫秒 找到 2 項測試 ==========
Informational: ========== 開始測試回合 ==========
Warning: 找到相同延伸模組的多個版本。系統會選取最高版本。
  Microsoft.VisualStudio.TestPlatform.MSTest.TestAdapter : 14.0.4908.2
TableControl: QueueUpdate 2021/12/27 下午 08:25:10:538
TableControl: About to update entries 2021/12/27 下午 08:25:10:654
TableControl: Updating entries 2021/12/27 下午 08:25:10:654
TableControl: Updating entries (UI thread) 2021/12/27 下午 08:25:10:655
TableControl: Refreshing UI 2021/12/27 下午 08:25:10:655
TableControl: QueueUpdate 2021/12/27 下午 08:25:12:723
TableControl: About to update entries 2021/12/27 下午 08:25:12:825
TableControl: Updating entries 2021/12/27 下午 08:25:12:825
TableControl: Updating entries (UI thread) 2021/12/27 下午 08:25:12:825
TableControl: Refreshing UI 2021/12/27 下午 08:25:12:826
Informational: ========== 測試回合已完成: 在 4.8 秒 執行了 1 項測試 (1 項通過，0 項失敗，0 項跳過) ==========
TableControl: QueueUpdate 2021/12/27 下午 08:25:16:81
TableControl: About to update entries 2021/12/27 下午 08:25:16:183
TableControl: Updating entries 2021/12/27 下午 08:25:16:183
TableControl: Updating entries (UI thread) 2021/12/27 下午 08:25:16:183
TableControl: Refreshing UI 2021/12/27 下午 08:25:16:183
Informational: 開始為要求的測試回合執行測試探索
Informational: ========== 開始測試探索 ==========
Warning: 找到相同延伸模組的多個版本。系統會選取最高版本。
  Microsoft.VisualStudio.TestPlatform.MSTest.TestAdapter : 14.0.4908.2
Informational: ========== 測試探索已完成: 在 908.9 毫秒 找到 2 項測試 ==========
Informational: ========== 開始測試回合 ==========
Warning: 找到相同延伸模組的多個版本。系統會選取最高版本。
  Microsoft.VisualStudio.TestPlatform.MSTest.TestAdapter : 14.0.4908.2
TableControl: QueueUpdate 2021/12/27 下午 08:25:45:52
TableControl: About to update entries 2021/12/27 下午 08:25:45:152
TableControl: Updating entries 2021/12/27 下午 08:25:45:152
TableControl: Updating entries (UI thread) 2021/12/27 下午 08:25:45:153
TableControl: Refreshing UI 2021/12/27 下午 08:25:45:153
TableControl: QueueUpdate 2021/12/27 下午 08:25:47:265
TableControl: About to update entries 2021/12/27 下午 08:25:47:365
TableControl: Updating entries 2021/12/27 下午 08:25:47:365
TableControl: Updating entries (UI thread) 2021/12/27 下午 08:25:47:366
TableControl: Refreshing UI 2021/12/27 下午 08:25:47:366
Informational: ========== 測試回合已完成: 在 4.8 秒 執行了 1 項測試 (1 項通過，0 項失敗，0 項跳過) ==========
TableControl: QueueUpdate 2021/12/27 下午 08:25:50:613
TableControl: About to update entries 2021/12/27 下午 08:25:50:714
TableControl: Updating entries 2021/12/27 下午 08:25:50:714
TableControl: Updating entries (UI thread) 2021/12/27 下午 08:25:50:714
TableControl: Refreshing UI 2021/12/27 下午 08:25:50:715
Informational: 開始為要求的測試回合執行測試探索
Informational: ========== 開始測試探索 ==========
Warning: 找到相同延伸模組的多個版本。系統會選取最高版本。
  Microsoft.VisualStudio.TestPlatform.MSTest.TestAdapter : 14.0.4908.2
Informational: ========== 測試探索已完成: 在 898.9 毫秒 找到 2 項測試 ==========
Informational: ========== 開始測試回合 ==========
Warning: 找到相同延伸模組的多個版本。系統會選取最高版本。
  Microsoft.VisualStudio.TestPlatform.MSTest.TestAdapter : 14.0.4908.2
TableControl: QueueUpdate 2021/12/27 下午 08:26:19:421
TableControl: About to update entries 2021/12/27 下午 08:26:19:523
TableControl: Updating entries 2021/12/27 下午 08:26:19:523
TableControl: Updating entries (UI thread) 2021/12/27 下午 08:26:19:523
TableControl: Refreshing UI 2021/12/27 下午 08:26:19:523
TableControl: QueueUpdate 2021/12/27 下午 08:26:21:624
TableControl: About to update entries 2021/12/27 下午 08:26:21:725
TableControl: Updating entries 2021/12/27 下午 08:26:21:725
TableControl: Updating entries (UI thread) 2021/12/27 下午 08:26:21:726
TableControl: Refreshing UI 2021/12/27 下午 08:26:21:726
Informational: ========== 測試回合已完成: 在 4.8 秒 執行了 1 項測試 (1 項通過，0 項失敗，0 項跳過) ==========
TableControl: QueueUpdate 2021/12/27 下午 08:26:24:994
TableControl: About to update entries 2021/12/27 下午 08:26:25:95
TableControl: Updating entries 2021/12/27 下午 08:26:25:95
TableControl: Updating entries (UI thread) 2021/12/27 下午 08:26:25:95
TableControl: Refreshing UI 2021/12/27 下午 08:26:25:95
Informational: 開始為要求的測試回合執行測試探索
Informational: ========== 開始測試探索 ==========
Warning: 找到相同延伸模組的多個版本。系統會選取最高版本。
  Microsoft.VisualStudio.TestPlatform.MSTest.TestAdapter : 14.0.4908.2
Informational: ========== 測試探索已完成: 在 892.6 毫秒 找到 2 項測試 ==========
Informational: ========== 開始測試回合 ==========
Warning: 找到相同延伸模組的多個版本。系統會選取最高版本。
  Microsoft.VisualStudio.TestPlatform.MSTest.TestAdapter : 14.0.4908.2
TableControl: QueueUpdate 2021/12/27 下午 08:26:45:709
TableControl: About to update entries 2021/12/27 下午 08:26:45:811
TableControl: Updating entries 2021/12/27 下午 08:26:45:811
TableControl: Updating entries (UI thread) 2021/12/27 下午 08:26:45:811
TableControl: Refreshing UI 2021/12/27 下午 08:26:45:812
TableControl: QueueUpdate 2021/12/27 下午 08:26:47:909
TableControl: About to update entries 2021/12/27 下午 08:26:48:20
TableControl: Updating entries 2021/12/27 下午 08:26:48:20
TableControl: Updating entries (UI thread) 2021/12/27 下午 08:26:48:20
TableControl: Refreshing UI 2021/12/27 下午 08:26:48:21
Informational: ========== 測試回合已完成: 在 4.8 秒 執行了 1 項測試 (1 項通過，0 項失敗，0 項跳過) ==========
TableControl: QueueUpdate 2021/12/27 下午 08:26:51:270
TableControl: About to update entries 2021/12/27 下午 08:26:51:372
TableControl: Updating entries 2021/12/27 下午 08:26:51:372
TableControl: Updating entries (UI thread) 2021/12/27 下午 08:26:51:372
TableControl: Refreshing UI 2021/12/27 下午 08:26:51:373
Informational: 開始為要求的測試回合執行測試探索
Informational: ========== 開始測試探索 ==========
Warning: 找到相同延伸模組的多個版本。系統會選取最高版本。
  Microsoft.VisualStudio.TestPlatform.MSTest.TestAdapter : 14.0.4908.2
Informational: ========== 測試探索已完成: 在 898.7 毫秒 找到 2 項測試 ==========
Informational: ========== 開始測試回合 ==========
Warning: 找到相同延伸模組的多個版本。系統會選取最高版本。
  Microsoft.VisualStudio.TestPlatform.MSTest.TestAdapter : 14.0.4908.2
TableControl: QueueUpdate 2021/12/27 下午 08:27:11:519
TableControl: About to update entries 2021/12/27 下午 08:27:11:622
TableControl: Updating entries 2021/12/27 下午 08:27:11:622
TableControl: Updating entries (UI thread) 2021/12/27 下午 08:27:11:623
TableControl: Refreshing UI 2021/12/27 下午 08:27:11:623
TableControl: QueueUpdate 2021/12/27 下午 08:27:13:717
TableControl: About to update entries 2021/12/27 下午 08:27:13:824
TableControl: Updating entries 2021/12/27 下午 08:27:13:824
TableControl: Updating entries (UI thread) 2021/12/27 下午 08:27:13:824
TableControl: Refreshing UI 2021/12/27 下午 08:27:13:825
Informational: ========== 測試回合已完成: 在 4.8 秒 執行了 1 項測試 (1 項通過，0 項失敗，0 項跳過) ==========
TableControl: QueueUpdate 2021/12/27 下午 08:27:17:91
TableControl: About to update entries 2021/12/27 下午 08:27:17:199
TableControl: Updating entries 2021/12/27 下午 08:27:17:199
TableControl: Updating entries (UI thread) 2021/12/27 下午 08:27:17:199
TableControl: Refreshing UI 2021/12/27 下午 08:27:17:199
Informational: 開始為要求的測試回合執行測試探索
Informational: ========== 開始測試探索 ==========
Warning: 找到相同延伸模組的多個版本。系統會選取最高版本。
  Microsoft.VisualStudio.TestPlatform.MSTest.TestAdapter : 14.0.4908.2
Informational: ========== 測試探索已完成: 在 904.4 毫秒 找到 2 項測試 ==========
Informational: ========== 開始測試回合 ==========
Warning: 找到相同延伸模組的多個版本。系統會選取最高版本。
  Microsoft.VisualStudio.TestPlatform.MSTest.TestAdapter : 14.0.4908.2
TableControl: QueueUpdate 2021/12/27 下午 08:27:40:857
TableControl: About to update entries 2021/12/27 下午 08:27:40:969
TableControl: Updating entries 2021/12/27 下午 08:27:40:969
TableControl: Updating entries (UI thread) 2021/12/27 下午 08:27:40:969
TableControl: Refreshing UI 2021/12/27 下午 08:27:40:969
TableControl: QueueUpdate 2021/12/27 下午 08:27:43:60
TableControl: About to update entries 2021/12/27 下午 08:27:43:160
TableControl: Updating entries 2021/12/27 下午 08:27:43:160
TableControl: Updating entries (UI thread) 2021/12/27 下午 08:27:43:161
TableControl: Refreshing UI 2021/12/27 下午 08:27:43:161
Informational: ========== 測試回合已完成: 在 4.8 秒 執行了 1 項測試 (1 項通過，0 項失敗，0 項跳過) ==========
TableControl: QueueUpdate 2021/12/27 下午 08:27:46:417
TableControl: About to update entries 2021/12/27 下午 08:27:46:532
TableControl: Updating entries 2021/12/27 下午 08:27:46:532
TableControl: Updating entries (UI thread) 2021/12/27 下午 08:27:46:532
TableControl: Refreshing UI 2021/12/27 下午 08:27:46:533
Informational: 開始為要求的測試回合執行測試探索
Informational: ========== 開始測試探索 ==========
Warning: 找到相同延伸模組的多個版本。系統會選取最高版本。
  Microsoft.VisualStudio.TestPlatform.MSTest.TestAdapter : 14.0.4908.2
Informational: ========== 測試探索已完成: 在 916.5 毫秒 找到 2 項測試 ==========
Informational: ========== 開始測試回合 ==========
Warning: 找到相同延伸模組的多個版本。系統會選取最高版本。
  Microsoft.VisualStudio.TestPlatform.MSTest.TestAdapter : 14.0.4908.2
TableControl: QueueUpdate 2021/12/27 下午 08:28:22:491
TableControl: About to update entries 2021/12/27 下午 08:28:22:592
TableControl: Updating entries 2021/12/27 下午 08:28:22:592
TableControl: Updating entries (UI thread) 2021/12/27 下午 08:28:22:592
TableControl: Refreshing UI 2021/12/27 下午 08:28:22:592
TableControl: QueueUpdate 2021/12/27 下午 08:28:23:657
TableControl: About to update entries 2021/12/27 下午 08:28:23:761
TableControl: Updating entries 2021/12/27 下午 08:28:23:761
TableControl: Updating entries (UI thread) 2021/12/27 下午 08:28:23:761
TableControl: Refreshing UI 2021/12/27 下午 08:28:23:762
TableControl: QueueUpdate 2021/12/27 下午 08:28:25:193
TableControl: About to update entries 2021/12/27 下午 08:28:25:295
TableControl: Updating entries 2021/12/27 下午 08:28:25:296
TableControl: Updating entries (UI thread) 2021/12/27 下午 08:28:25:297
TableControl: Refreshing UI 2021/12/27 下午 08:28:25:298
TableControl: QueueUpdate 2021/12/27 下午 08:28:29:647
TableControl: About to update entries 2021/12/27 下午 08:28:29:749
TableControl: Updating entries 2021/12/27 下午 08:28:29:749
TableControl: Updating entries (UI thread) 2021/12/27 下午 08:28:29:749
TableControl: Refreshing UI 2021/12/27 下午 08:28:29:749
Informational: ========== 測試回合已完成: 在 10.7 秒 執行了 23 項測試 (23 項通過，0 項失敗，0 項跳過) ==========
TableControl: QueueUpdate 2021/12/27 下午 08:28:33:954
TableControl: About to update entries 2021/12/27 下午 08:28:34:63
TableControl: Updating entries 2021/12/27 下午 08:28:34:63
TableControl: Updating entries (UI thread) 2021/12/27 下午 08:28:34:63
TableControl: Refreshing UI 2021/12/27 下午 08:28:34:63
Informational: 開始為要求的測試回合執行測試探索
Informational: ========== 開始測試探索 ==========
Warning: 找到相同延伸模組的多個版本。系統會選取最高版本。
  Microsoft.VisualStudio.TestPlatform.MSTest.TestAdapter : 14.0.4908.2
Informational: ========== 測試探索已完成: 在 898.5 毫秒 找到 2 項測試 ==========
Informational: ========== 開始測試回合 ==========
Warning: 找到相同延伸模組的多個版本。系統會選取最高版本。
  Microsoft.VisualStudio.TestPlatform.MSTest.TestAdapter : 14.0.4908.2
TableControl: QueueUpdate 2021/12/27 下午 08:28:59:490
TableControl: About to update entries 2021/12/27 下午 08:28:59:592
TableControl: Updating entries 2021/12/27 下午 08:28:59:592
TableControl: Updating entries (UI thread) 2021/12/27 下午 08:28:59:592
TableControl: Refreshing UI 2021/12/27 下午 08:28:59:593
TableControl: QueueUpdate 2021/12/27 下午 08:29:00:684
TableControl: About to update entries 2021/12/27 下午 08:29:00:793
TableControl: Updating entries 2021/12/27 下午 08:29:00:793
TableControl: Updating entries (UI thread) 2021/12/27 下午 08:29:00:794
TableControl: Refreshing UI 2021/12/27 下午 08:29:00:794
TableControl: QueueUpdate 2021/12/27 下午 08:29:02:212
TableControl: About to update entries 2021/12/27 下午 08:29:02:313
TableControl: Updating entries 2021/12/27 下午 08:29:02:313
TableControl: Updating entries (UI thread) 2021/12/27 下午 08:29:02:313
TableControl: Refreshing UI 2021/12/27 下午 08:29:02:314
TableControl: QueueUpdate 2021/12/27 下午 08:29:06:656
TableControl: About to update entries 2021/12/27 下午 08:29:06:763
TableControl: Updating entries 2021/12/27 下午 08:29:06:764
TableControl: Updating entries (UI thread) 2021/12/27 下午 08:29:06:766
TableControl: Refreshing UI 2021/12/27 下午 08:29:06:766
Informational: ========== 測試回合已完成: 在 10.8 秒 執行了 23 項測試 (23 項通過，0 項失敗，0 項跳過) ==========
TableControl: QueueUpdate 2021/12/27 下午 08:29:10:987
TableControl: About to update entries 2021/12/27 下午 08:29:11:89
TableControl: Updating entries 2021/12/27 下午 08:29:11:89
TableControl: Updating entries (UI thread) 2021/12/27 下午 08:29:11:90
TableControl: Refreshing UI 2021/12/27 下午 08:29:11:90
Informational: ========== 開始測試回合 ==========
Warning: 找到相同延伸模組的多個版本。系統會選取最高版本。
  Microsoft.VisualStudio.TestPlatform.MSTest.TestAdapter : 14.0.4908.2
TableControl: QueueUpdate 2021/12/27 下午 08:31:22:599
TableControl: About to update entries 2021/12/27 下午 08:31:22:700
TableControl: Updating entries 2021/12/27 下午 08:31:22:700
TableControl: Updating entries (UI thread) 2021/12/27 下午 08:31:22:700
TableControl: Refreshing UI 2021/12/27 下午 08:31:22:700
TableControl: QueueUpdate 2021/12/27 下午 08:31:23:838
TableControl: About to update entries 2021/12/27 下午 08:31:23:949
TableControl: Updating entries 2021/12/27 下午 08:31:23:949
TableControl: Updating entries (UI thread) 2021/12/27 下午 08:31:23:949
TableControl: Refreshing UI 2021/12/27 下午 08:31:23:950
TableControl: QueueUpdate 2021/12/27 下午 08:31:25:363
TableControl: About to update entries 2021/12/27 下午 08:31:25:467
TableControl: Updating entries 2021/12/27 下午 08:31:25:468
TableControl: Updating entries (UI thread) 2021/12/27 下午 08:31:25:468
TableControl: Refreshing UI 2021/12/27 下午 08:31:25:469
TableControl: QueueUpdate 2021/12/27 下午 08:31:29:821
TableControl: About to update entries 2021/12/27 下午 08:31:29:922
TableControl: Updating entries 2021/12/27 下午 08:31:29:923
TableControl: Updating entries (UI thread) 2021/12/27 下午 08:31:29:924
TableControl: Refreshing UI 2021/12/27 下午 08:31:29:925
Informational: ========== 測試回合已完成: 在 10.8 秒 執行了 23 項測試 (23 項通過，0 項失敗，0 項跳過) ==========
TableControl: QueueUpdate 2021/12/27 下午 08:31:34:161
TableControl: About to update entries 2021/12/27 下午 08:31:34:263
TableControl: Updating entries 2021/12/27 下午 08:31:34:263
TableControl: Updating entries (UI thread) 2021/12/27 下午 08:31:34:263
TableControl: Refreshing UI 2021/12/27 下午 08:31:34:263
given range is not current
given range is not current
given range is not current
ResolveFWLinkAccountManager statusCode is redirect: 'True'
ResolveFWLinkAccountManager resovled fwlink from 'https://go.microsoft.com/fwlink/?LinkID=415837' to 'https://app.vssps.visualstudio.com/'
TestWindow package loaded
Informational: 記錄層級已設定為 資訊性 (預設)。
Informational: 記錄層級已設定為 資訊性 (預設)。
given range is not current
given range is not current
given range is not current
given range is not current
given range is not current
given range is not current
TestWindow package loaded
Informational: 記錄層級已設定為 資訊性 (預設)。
Informational: 記錄層級已設定為 資訊性 (預設)。
Exception occurred: System.NullReferenceException, 並未將物件參考設定為物件的執行個體。
TestWindow package loaded
Informational: 記錄層級已設定為 資訊性 (預設)。
Informational: 記錄層級已設定為 資訊性 (預設)。
TestWindow package loaded
Informational: 記錄層級已設定為 資訊性 (預設)。
Informational: 記錄層級已設定為 資訊性 (預設)。
Informational: 測試資料存放區在 0.254 秒內開啟。
TableControl: QueueUpdate 2022/1/8 下午 01:04:38:948
TableControl: About to update entries 2022/1/8 下午 01:04:38:949
TableControl: QueueUpdate 2022/1/8 下午 01:04:38:950
TableControl: Updating entries 2022/1/8 下午 01:04:38:953
TableControl: QueueUpdate 2022/1/8 下午 01:04:38:954
TableControl: QueueUpdate 2022/1/8 下午 01:04:38:957
TableControl: QueueUpdate 2022/1/8 下午 01:04:38:964
TableControl: QueueUpdate 2022/1/8 下午 01:04:38:993
TableControl: Updating entries (UI thread) 2022/1/8 下午 01:04:39:70
TableControl: Refreshing UI 2022/1/8 下午 01:04:39:70
TableControl: QueueUpdate 2022/1/8 下午 01:04:39:71
TableControl: About to update entries 2022/1/8 下午 01:04:39:71
TableControl: Updating entries 2022/1/8 下午 01:04:39:97
TableControl: Updating entries (UI thread) 2022/1/8 下午 01:04:39:98
TableControl: QueueUpdate 2022/1/8 下午 01:04:39:98
TableControl: QueueUpdate 2022/1/8 下午 01:04:39:99
TableControl: Refreshing UI 2022/1/8 下午 01:04:39:100
TableControl: QueueUpdate 2022/1/8 下午 01:04:39:101
TableControl: About to update entries 2022/1/8 下午 01:04:39:101
TableControl: Updating entries 2022/1/8 下午 01:04:39:102
TableControl: Updating entries (UI thread) 2022/1/8 下午 01:04:39:102
TableControl: Refreshing UI 2022/1/8 下午 01:04:39:102
Informational: 開始為要求的測試回合執行測試探索
Informational: ========== 開始測試探索 ==========
Warning: 找到相同延伸模組的多個版本。系統會選取最高版本。
  Microsoft.VisualStudio.TestPlatform.MSTest.TestAdapter : 14.0.4908.2
Warning: 找到相同延伸模組的多個版本。系統會選取最高版本。
  Microsoft.VisualStudio.TestPlatform.MSTest.TestAdapter : 14.0.4908.2
Warning: D:\Mydata\視窗程式設計\Drawing\DrawingForm\bin\Debug\DrawingForm.exe 中未提供任何測試。請確定已登錄了測試探索程式與執行程式，且平台與 Framework 版本設定皆正確，然後再試一次。
Informational: ========== 測試探索已完成: 在 2.8 秒 找到 23 項測試 ==========
Informational: ========== 開始測試回合 ==========
Warning: 找到相同延伸模組的多個版本。系統會選取最高版本。
  Microsoft.VisualStudio.TestPlatform.MSTest.TestAdapter : 14.0.4908.2
TableControl: QueueUpdate 2022/1/8 下午 01:04:52:661
TableControl: About to update entries 2022/1/8 下午 01:04:52:669
TableControl: Updating entries 2022/1/8 下午 01:04:52:670
TableControl: Updating entries (UI thread) 2022/1/8 下午 01:04:52:670
TableControl: Refreshing UI 2022/1/8 下午 01:04:52:670
TableControl: QueueUpdate 2022/1/8 下午 01:04:53:963
TableControl: About to update entries 2022/1/8 下午 01:04:54:74
TableControl: Updating entries 2022/1/8 下午 01:04:54:74
TableControl: Updating entries (UI thread) 2022/1/8 下午 01:04:54:74
TableControl: Refreshing UI 2022/1/8 下午 01:04:54:74
TableControl: QueueUpdate 2022/1/8 下午 01:04:55:415
TableControl: About to update entries 2022/1/8 下午 01:04:55:524
TableControl: Updating entries 2022/1/8 下午 01:04:55:524
TableControl: Updating entries (UI thread) 2022/1/8 下午 01:04:55:524
TableControl: Refreshing UI 2022/1/8 下午 01:04:55:524
TableControl: QueueUpdate 2022/1/8 下午 01:05:00:689
TableControl: About to update entries 2022/1/8 下午 01:05:00:790
TableControl: Updating entries 2022/1/8 下午 01:05:00:790
TableControl: Updating entries (UI thread) 2022/1/8 下午 01:05:00:790
TableControl: Refreshing UI 2022/1/8 下午 01:05:00:791
Informational: ========== 測試回合已完成: 在 12.6 秒 執行了 23 項測試 (21 項通過，2 項失敗，0 項跳過) ==========
TableControl: QueueUpdate 2022/1/8 下午 01:05:06:39
TableControl: About to update entries 2022/1/8 下午 01:05:06:148
TableControl: Updating entries 2022/1/8 下午 01:05:06:148
TableControl: Updating entries (UI thread) 2022/1/8 下午 01:05:06:148
TableControl: Refreshing UI 2022/1/8 下午 01:05:06:149
Informational: ========== 開始測試探索 ==========
Informational: ========== 已跳過測試探索: 所有測試容器皆為最新狀態 ==========
TableControl: QueueUpdate 2022/1/8 下午 01:05:11:295
TableControl: About to update entries 2022/1/8 下午 01:05:11:295
TableControl: Updating entries 2022/1/8 下午 01:05:11:295
TableControl: Updating entries (UI thread) 2022/1/8 下午 01:05:11:295
TableControl: Refreshing UI 2022/1/8 下午 01:05:11:306
TableControl: QueueUpdate 2022/1/8 下午 01:05:12:454
TableControl: About to update entries 2022/1/8 下午 01:05:12:454
TableControl: Updating entries 2022/1/8 下午 01:05:12:455
TableControl: Updating entries (UI thread) 2022/1/8 下午 01:05:12:455
TableControl: Refreshing UI 2022/1/8 下午 01:05:12:469
TableControl: QueueUpdate 2022/1/8 下午 01:05:13:814
TableControl: About to update entries 2022/1/8 下午 01:05:13:814
TableControl: Updating entries 2022/1/8 下午 01:05:13:814
TableControl: Updating entries (UI thread) 2022/1/8 下午 01:05:13:815
TableControl: Refreshing UI 2022/1/8 下午 01:05:13:815
Informational: 開始為要求的測試回合執行測試探索
Informational: ========== 開始測試探索 ==========
Warning: 找到相同延伸模組的多個版本。系統會選取最高版本。
  Microsoft.VisualStudio.TestPlatform.MSTest.TestAdapter : 14.0.4908.2
Informational: ========== 測試探索已完成: 在 997.1 毫秒 找到 2 項測試 ==========
Informational: ========== 開始測試回合 ==========
TableControl: QueueUpdate 2022/1/8 下午 01:07:02:596
TableControl: About to update entries 2022/1/8 下午 01:07:02:596
TableControl: Updating entries 2022/1/8 下午 01:07:02:597
TableControl: Updating entries (UI thread) 2022/1/8 下午 01:07:02:597
TableControl: Refreshing UI 2022/1/8 下午 01:07:02:597
Warning: 找到相同延伸模組的多個版本。系統會選取最高版本。
  Microsoft.VisualStudio.TestPlatform.MSTest.TestAdapter : 14.0.4908.2
TableControl: QueueUpdate 2022/1/8 下午 01:07:04:884
TableControl: About to update entries 2022/1/8 下午 01:07:04:985
TableControl: Updating entries 2022/1/8 下午 01:07:04:985
TableControl: Updating entries (UI thread) 2022/1/8 下午 01:07:04:987
TableControl: Refreshing UI 2022/1/8 下午 01:07:04:987
Informational: ========== 測試回合已完成: 在 6 秒 執行了 1 項測試 (0 項通過，1 項失敗，0 項跳過) ==========
TableControl: QueueUpdate 2022/1/8 下午 01:07:10:216
TableControl: About to update entries 2022/1/8 下午 01:07:10:318
TableControl: Updating entries 2022/1/8 下午 01:07:10:318
TableControl: Updating entries (UI thread) 2022/1/8 下午 01:07:10:318
TableControl: Refreshing UI 2022/1/8 下午 01:07:10:319
TestWindow package loaded
Informational: 記錄層級已設定為 資訊性 (預設)。
Informational: 記錄層級已設定為 資訊性 (預設)。
TestWindow package loaded
Informational: 記錄層級已設定為 資訊性 (預設)。
Informational: 記錄層級已設定為 資訊性 (預設)。
TestWindow package loaded
Informational: 記錄層級已設定為 資訊性 (預設)。
Informational: 記錄層級已設定為 資訊性 (預設)。
Informational: 測試資料存放區在 0.289 秒內開啟。
TableControl: QueueUpdate 2022/1/12 下午 09:01:41:437
TableControl: About to update entries 2022/1/12 下午 09:01:41:438
TableControl: QueueUpdate 2022/1/12 下午 09:01:41:439
TableControl: Updating entries 2022/1/12 下午 09:01:41:441
TableControl: QueueUpdate 2022/1/12 下午 09:01:41:443
TableControl: QueueUpdate 2022/1/12 下午 09:01:41:446
TableControl: QueueUpdate 2022/1/12 下午 09:01:41:453
TableControl: QueueUpdate 2022/1/12 下午 09:01:41:470
TableControl: Updating entries (UI thread) 2022/1/12 下午 09:01:41:555
TableControl: Refreshing UI 2022/1/12 下午 09:01:41:556
TableControl: QueueUpdate 2022/1/12 下午 09:01:41:556
TableControl: About to update entries 2022/1/12 下午 09:01:41:556
TableControl: Updating entries 2022/1/12 下午 09:01:41:580
TableControl: Updating entries (UI thread) 2022/1/12 下午 09:01:41:580
TableControl: QueueUpdate 2022/1/12 下午 09:01:41:581
TableControl: QueueUpdate 2022/1/12 下午 09:01:41:582
TableControl: Refreshing UI 2022/1/12 下午 09:01:41:583
TableControl: QueueUpdate 2022/1/12 下午 09:01:41:584
TableControl: About to update entries 2022/1/12 下午 09:01:41:584
TableControl: Updating entries 2022/1/12 下午 09:01:41:585
TableControl: Updating entries (UI thread) 2022/1/12 下午 09:01:41:585
TableControl: Refreshing UI 2022/1/12 下午 09:01:41:586
Informational: 開始為要求的測試回合執行測試探索
Informational: ========== 開始測試探索 ==========
Warning: 找到相同延伸模組的多個版本。系統會選取最高版本。
  Microsoft.VisualStudio.TestPlatform.MSTest.TestAdapter : 14.0.4908.2
Warning: 找到相同延伸模組的多個版本。系統會選取最高版本。
  Microsoft.VisualStudio.TestPlatform.MSTest.TestAdapter : 14.0.4908.2
Warning: D:\Mydata\視窗程式設計\Drawing\DrawingForm\bin\Debug\DrawingForm.exe 中未提供任何測試。請確定已登錄了測試探索程式與執行程式，且平台與 Framework 版本設定皆正確，然後再試一次。
Informational: ========== 測試探索已完成: 在 3.1 秒 找到 25 項測試 ==========
Informational: ========== 開始測試回合 ==========
Warning: 找到相同延伸模組的多個版本。系統會選取最高版本。
  Microsoft.VisualStudio.TestPlatform.MSTest.TestAdapter : 14.0.4908.2
TableControl: QueueUpdate 2022/1/12 下午 09:01:49:828
TableControl: About to update entries 2022/1/12 下午 09:01:49:828
TableControl: Updating entries 2022/1/12 下午 09:01:49:828
TableControl: Updating entries (UI thread) 2022/1/12 下午 09:01:49:829
TableControl: Refreshing UI 2022/1/12 下午 09:01:49:829
TableControl: QueueUpdate 2022/1/12 下午 09:01:51:176
TableControl: About to update entries 2022/1/12 下午 09:01:51:285
TableControl: Updating entries 2022/1/12 下午 09:01:51:286
TableControl: Updating entries (UI thread) 2022/1/12 下午 09:01:51:286
TableControl: Refreshing UI 2022/1/12 下午 09:01:51:286
TableControl: QueueUpdate 2022/1/12 下午 09:01:52:627
TableControl: About to update entries 2022/1/12 下午 09:01:52:734
TableControl: Updating entries 2022/1/12 下午 09:01:52:734
TableControl: Updating entries (UI thread) 2022/1/12 下午 09:01:52:736
TableControl: Refreshing UI 2022/1/12 下午 09:01:52:736
TableControl: QueueUpdate 2022/1/12 下午 09:01:57:588
TableControl: About to update entries 2022/1/12 下午 09:01:57:688
TableControl: Updating entries 2022/1/12 下午 09:01:57:688
TableControl: Updating entries (UI thread) 2022/1/12 下午 09:01:57:688
TableControl: Refreshing UI 2022/1/12 下午 09:01:57:689
TableControl: QueueUpdate 2022/1/12 下午 09:02:20:910
TableControl: About to update entries 2022/1/12 下午 09:02:21:19
TableControl: Updating entries 2022/1/12 下午 09:02:21:20
TableControl: Updating entries (UI thread) 2022/1/12 下午 09:02:21:21
TableControl: Refreshing UI 2022/1/12 下午 09:02:21:22
TableControl: QueueUpdate 2022/1/12 下午 09:02:28:938
TableControl: About to update entries 2022/1/12 下午 09:02:29:51
TableControl: Updating entries 2022/1/12 下午 09:02:29:52
TableControl: Updating entries (UI thread) 2022/1/12 下午 09:02:29:53
TableControl: Refreshing UI 2022/1/12 下午 09:02:29:54
Informational: ========== 測試回合已完成: 在 54.1 秒 執行了 25 項測試 (25 項通過，0 項失敗，0 項跳過) ==========
Informational: ========== 開始測試探索 ==========
Informational: ========== 已跳過測試探索: 所有測試容器皆為最新狀態 ==========
TableControl: QueueUpdate 2022/1/12 下午 09:02:44:713
TableControl: About to update entries 2022/1/12 下午 09:02:45:456
TableControl: Updating entries 2022/1/12 下午 09:02:45:458
TableControl: Updating entries (UI thread) 2022/1/12 下午 09:02:45:461
TableControl: Refreshing UI 2022/1/12 下午 09:02:45:461
